<?xml version="1.0" encoding="UTF-8"?>
<!-- Generated by org.testng.reporters.JUnitReportReporter -->
<testsuite hostname="Jaswini" failures="0" tests="1" name="com.qa.TestNG.TestCase3" time="11.265" errors="0" timestamp="2022-06-16T14:04:22 NZST" skipped="0">
  <testcase classname="com.qa.TestNG.TestCase3" name="shop" time="11.265"/>
  <system-out/>
</testsuite> <!-- com.qa.TestNG.TestCase3 -->
