<?xml version="1.0" encoding="UTF-8"?>
<!-- Generated by org.testng.reporters.JUnitReportReporter -->
<testsuite hostname="Jaswini" failures="0" tests="2" name="com.qa.TestNG.Planittest" time="15.364" errors="0" timestamp="2022-06-15T18:23:16 NZST" skipped="0">
  <testcase classname="com.qa.TestNG.Planittest" name="Submit" time="7.470"/>
  <system-out/>
  <testcase classname="com.qa.TestNG.Planittest" name="submit" time="7.894"/>
  <system-out/>
</testsuite> <!-- com.qa.TestNG.Planittest -->
