<?xml version="1.0" encoding="UTF-8"?>
<!-- Generated by org.testng.reporters.JUnitReportReporter -->
<testsuite hostname="Jaswini" failures="0" tests="1" name="com.qa.TestNG.Validation" time="14.416" errors="0" timestamp="2022-06-14T23:19:08 NZST" skipped="0">
  <testcase classname="com.qa.TestNG.Validation" name="populate" time="14.416"/>
  <system-out/>
</testsuite> <!-- com.qa.TestNG.Validation -->
